<?xml version="1.0" encoding="UTF-8"?>
<!-- Generated by org.testng.reporters.JUnitXMLReporter -->
<testsuite hostname="LAPTOP-TGHK88CQ" name="Surefire test" tests="4" failures="1" timestamp="28 Jul 2018 09:32:42 GMT" time="0.044" errors="0">
  <testcase name="testb on testb(org.tedu.mavenPro2.App1Test)" time="0.003" classname="org.tedu.mavenPro2.App1Test">
    <failure type="java.lang.AssertionError">
      <![CDATA[java.lang.AssertionError: 
	at org.junit.Assert.fail(Assert.java:91)
	at org.junit.Assert.assertTrue(Assert.java:43)
	at org.junit.Assert.assertTrue(Assert.java:54)
	at org.tedu.mavenPro2.App1Test.testb(App1Test.java:25)
	at org.junit.runners.model.FrameworkMethod$1.runReflectiveCall(FrameworkMethod.java:44)
	at org.junit.internal.runners.model.ReflectiveCallable.run(ReflectiveCallable.java:15)
	at org.junit.runners.model.FrameworkMethod.invokeExplosively(FrameworkMethod.java:41)
	at org.junit.internal.runners.statements.InvokeMethod.evaluate(InvokeMethod.java:20)
	at org.junit.internal.runners.statements.RunBefores.evaluate(RunBefores.java:28)
	at org.junit.internal.runners.statements.RunAfters.evaluate(RunAfters.java:31)
	at org.junit.runners.BlockJUnit4ClassRunner.runChild(BlockJUnit4ClassRunner.java:76)
	at org.junit.runners.BlockJUnit4ClassRunner.runChild(BlockJUnit4ClassRunner.java:50)
	at org.junit.runners.ParentRunner$3.run(ParentRunner.java:193)
	at org.junit.runners.ParentRunner$1.schedule(ParentRunner.java:52)
	at org.junit.runners.ParentRunner.runChildren(ParentRunner.java:191)
	at org.junit.runners.ParentRunner.access$000(ParentRunner.java:42)
	at org.junit.runners.ParentRunner$2.evaluate(ParentRunner.java:184)
	at org.junit.runners.ParentRunner.run(ParentRunner.java:236)
	at org.junit.runner.JUnitCore.run(JUnitCore.java:157)
	at org.junit.runner.JUnitCore.run(JUnitCore.java:136)
... Removed 27 stack frames]]>
    </failure>
  </testcase> <!-- testb on testb(org.tedu.mavenPro2.App1Test) -->
  <testcase name="testa on testa(org.tedu.mavenPro2.App1Test)" time="0.0" classname="org.tedu.mavenPro2.App1Test"/>
  <testcase name="shouldAnswerWithTrue on shouldAnswerWithTrue(org.tedu.mavenPro2.AppTest)" time="0.0" classname="org.tedu.mavenPro2.AppTest"/>
  <testcase name="testa on testa(org.tedu.mavenPro2.TestCopyOfApp1)" time="0.0" classname="org.tedu.mavenPro2.TestCopyOfApp1"/>
</testsuite> <!-- Surefire test -->
